{"C:\\Users\\boyuk\\OneDrive\\Masaüstü\\odev02\\src\\index.js": {"path":"C:\\Users\\boyuk\\OneDrive\\Masaüstü\\odev02\\src\\index.js","statementMap":{"0":{"start":{"line":1,"column":11},"end":{"line":1,"column":42}},"1":{"start":{"line":2,"column":11},"end":{"line":2,"column":42}},"2":{"start":{"line":3,"column":11},"end":{"line":3,"column":42}},"3":{"start":{"line":4,"column":14},"end":{"line":4,"column":50}},"4":{"start":{"line":5,"column":14},"end":{"line":5,"column":50}},"5":{"start":{"line":6,"column":13},"end":{"line":6,"column":46}},"6":{"start":{"line":9,"column":12},"end":{"line":9,"column":14}},"7":{"start":{"line":10,"column":7},"end":{"line":10,"column":22}},"8":{"start":{"line":11,"column":7},"end":{"line":11,"column":20}},"9":{"start":{"line":12,"column":7},"end":{"line":12,"column":20}},"10":{"start":{"line":13,"column":6},"end":{"line":13,"column":16}},"11":{"start":{"line":14,"column":10},"end":{"line":14,"column":12}},"12":{"start":{"line":16,"column":0},"end":{"line":16,"column":20}},"13":{"start":{"line":17,"column":6},"end":{"line":17,"column":7}},"14":{"start":{"line":19,"column":0},"end":{"line":27,"column":1}},"15":{"start":{"line":20,"column":4},"end":{"line":20,"column":41}},"16":{"start":{"line":21,"column":14},"end":{"line":21,"column":35}},"17":{"start":{"line":22,"column":4},"end":{"line":26,"column":5}},"18":{"start":{"line":23,"column":8},"end":{"line":23,"column":25}},"19":{"start":{"line":24,"column":8},"end":{"line":24,"column":27}},"20":{"start":{"line":25,"column":8},"end":{"line":25,"column":12}},"21":{"start":{"line":28,"column":0},"end":{"line":28,"column":20}},"22":{"start":{"line":29,"column":0},"end":{"line":29,"column":18}},"23":{"start":{"line":31,"column":0},"end":{"line":33,"column":1}},"24":{"start":{"line":31,"column":10},"end":{"line":31,"column":11}},"25":{"start":{"line":32,"column":4},"end":{"line":32,"column":52}},"26":{"start":{"line":35,"column":8},"end":{"line":35,"column":9}},"27":{"start":{"line":36,"column":0},"end":{"line":55,"column":1}},"28":{"start":{"line":37,"column":4},"end":{"line":37,"column":10}},"29":{"start":{"line":38,"column":4},"end":{"line":38,"column":25}},"30":{"start":{"line":39,"column":4},"end":{"line":46,"column":5}},"31":{"start":{"line":40,"column":8},"end":{"line":40,"column":25}},"32":{"start":{"line":41,"column":8},"end":{"line":41,"column":25}},"33":{"start":{"line":42,"column":8},"end":{"line":42,"column":25}},"34":{"start":{"line":43,"column":8},"end":{"line":43,"column":37}},"35":{"start":{"line":44,"column":8},"end":{"line":44,"column":35}},"36":{"start":{"line":47,"column":4},"end":{"line":53,"column":5}},"37":{"start":{"line":48,"column":8},"end":{"line":48,"column":35}},"38":{"start":{"line":49,"column":8},"end":{"line":49,"column":37}},"39":{"start":{"line":50,"column":8},"end":{"line":50,"column":25}},"40":{"start":{"line":51,"column":8},"end":{"line":51,"column":25}},"41":{"start":{"line":52,"column":8},"end":{"line":52,"column":25}},"42":{"start":{"line":54,"column":4},"end":{"line":54,"column":20}},"43":{"start":{"line":57,"column":0},"end":{"line":76,"column":1}},"44":{"start":{"line":58,"column":4},"end":{"line":58,"column":9}},"45":{"start":{"line":59,"column":4},"end":{"line":59,"column":25}},"46":{"start":{"line":60,"column":4},"end":{"line":67,"column":5}},"47":{"start":{"line":61,"column":8},"end":{"line":61,"column":30}},"48":{"start":{"line":62,"column":8},"end":{"line":62,"column":25}},"49":{"start":{"line":63,"column":8},"end":{"line":63,"column":25}},"50":{"start":{"line":64,"column":8},"end":{"line":64,"column":25}},"51":{"start":{"line":65,"column":8},"end":{"line":65,"column":37}},"52":{"start":{"line":66,"column":8},"end":{"line":66,"column":35}},"53":{"start":{"line":68,"column":4},"end":{"line":74,"column":5}},"54":{"start":{"line":69,"column":8},"end":{"line":69,"column":37}},"55":{"start":{"line":70,"column":8},"end":{"line":70,"column":35}},"56":{"start":{"line":71,"column":8},"end":{"line":71,"column":25}},"57":{"start":{"line":72,"column":8},"end":{"line":72,"column":25}},"58":{"start":{"line":73,"column":8},"end":{"line":73,"column":25}},"59":{"start":{"line":75,"column":4},"end":{"line":75,"column":20}},"60":{"start":{"line":78,"column":0},"end":{"line":98,"column":1}},"61":{"start":{"line":79,"column":4},"end":{"line":79,"column":9}},"62":{"start":{"line":80,"column":4},"end":{"line":80,"column":25}},"63":{"start":{"line":81,"column":4},"end":{"line":88,"column":5}},"64":{"start":{"line":82,"column":8},"end":{"line":82,"column":30}},"65":{"start":{"line":83,"column":8},"end":{"line":83,"column":25}},"66":{"start":{"line":84,"column":8},"end":{"line":84,"column":25}},"67":{"start":{"line":85,"column":8},"end":{"line":85,"column":25}},"68":{"start":{"line":86,"column":8},"end":{"line":86,"column":37}},"69":{"start":{"line":87,"column":8},"end":{"line":87,"column":35}},"70":{"start":{"line":89,"column":4},"end":{"line":95,"column":5}},"71":{"start":{"line":90,"column":8},"end":{"line":90,"column":37}},"72":{"start":{"line":91,"column":8},"end":{"line":91,"column":35}},"73":{"start":{"line":92,"column":8},"end":{"line":92,"column":25}},"74":{"start":{"line":93,"column":8},"end":{"line":93,"column":25}},"75":{"start":{"line":94,"column":8},"end":{"line":94,"column":25}},"76":{"start":{"line":96,"column":4},"end":{"line":96,"column":20}}},"fnMap":{"0":{"name":"(anonymous_0)","decl":{"start":{"line":36,"column":13},"end":{"line":36,"column":14}},"loc":{"start":{"line":36,"column":23},"end":{"line":55,"column":1}},"line":36},"1":{"name":"(anonymous_1)","decl":{"start":{"line":57,"column":13},"end":{"line":57,"column":14}},"loc":{"start":{"line":57,"column":23},"end":{"line":76,"column":1}},"line":57},"2":{"name":"(anonymous_2)","decl":{"start":{"line":78,"column":13},"end":{"line":78,"column":14}},"loc":{"start":{"line":78,"column":23},"end":{"line":98,"column":1}},"line":78}},"branchMap":{"0":{"loc":{"start":{"line":22,"column":4},"end":{"line":26,"column":5}},"type":"if","locations":[{"start":{"line":22,"column":4},"end":{"line":26,"column":5}},{"start":{"line":22,"column":4},"end":{"line":26,"column":5}}],"line":22},"1":{"loc":{"start":{"line":39,"column":4},"end":{"line":46,"column":5}},"type":"if","locations":[{"start":{"line":39,"column":4},"end":{"line":46,"column":5}},{"start":{"line":39,"column":4},"end":{"line":46,"column":5}}],"line":39},"2":{"loc":{"start":{"line":39,"column":7},"end":{"line":39,"column":56}},"type":"binary-expr","locations":[{"start":{"line":39,"column":7},"end":{"line":39,"column":46}},{"start":{"line":39,"column":50},"end":{"line":39,"column":56}}],"line":39},"3":{"loc":{"start":{"line":47,"column":4},"end":{"line":53,"column":5}},"type":"if","locations":[{"start":{"line":47,"column":4},"end":{"line":53,"column":5}},{"start":{"line":47,"column":4},"end":{"line":53,"column":5}}],"line":47},"4":{"loc":{"start":{"line":60,"column":4},"end":{"line":67,"column":5}},"type":"if","locations":[{"start":{"line":60,"column":4},"end":{"line":67,"column":5}},{"start":{"line":60,"column":4},"end":{"line":67,"column":5}}],"line":60},"5":{"loc":{"start":{"line":60,"column":7},"end":{"line":60,"column":56}},"type":"binary-expr","locations":[{"start":{"line":60,"column":7},"end":{"line":60,"column":46}},{"start":{"line":60,"column":50},"end":{"line":60,"column":56}}],"line":60},"6":{"loc":{"start":{"line":68,"column":4},"end":{"line":74,"column":5}},"type":"if","locations":[{"start":{"line":68,"column":4},"end":{"line":74,"column":5}},{"start":{"line":68,"column":4},"end":{"line":74,"column":5}}],"line":68},"7":{"loc":{"start":{"line":81,"column":4},"end":{"line":88,"column":5}},"type":"if","locations":[{"start":{"line":81,"column":4},"end":{"line":88,"column":5}},{"start":{"line":81,"column":4},"end":{"line":88,"column":5}}],"line":81},"8":{"loc":{"start":{"line":81,"column":7},"end":{"line":81,"column":56}},"type":"binary-expr","locations":[{"start":{"line":81,"column":7},"end":{"line":81,"column":46}},{"start":{"line":81,"column":50},"end":{"line":81,"column":56}}],"line":81},"9":{"loc":{"start":{"line":89,"column":4},"end":{"line":95,"column":5}},"type":"if","locations":[{"start":{"line":89,"column":4},"end":{"line":95,"column":5}},{"start":{"line":89,"column":4},"end":{"line":95,"column":5}}],"line":89}},"s":{"0":0,"1":0,"2":0,"3":0,"4":0,"5":0,"6":0,"7":0,"8":0,"9":0,"10":0,"11":0,"12":0,"13":0,"14":0,"15":0,"16":0,"17":0,"18":0,"19":0,"20":0,"21":0,"22":0,"23":0,"24":0,"25":0,"26":0,"27":0,"28":0,"29":0,"30":0,"31":0,"32":0,"33":0,"34":0,"35":0,"36":0,"37":0,"38":0,"39":0,"40":0,"41":0,"42":0,"43":0,"44":0,"45":0,"46":0,"47":0,"48":0,"49":0,"50":0,"51":0,"52":0,"53":0,"54":0,"55":0,"56":0,"57":0,"58":0,"59":0,"60":0,"61":0,"62":0,"63":0,"64":0,"65":0,"66":0,"67":0,"68":0,"69":0,"70":0,"71":0,"72":0,"73":0,"74":0,"75":0,"76":0},"f":{"0":0,"1":0,"2":0},"b":{"0":[0,0],"1":[0,0],"2":[0,0],"3":[0,0],"4":[0,0],"5":[0,0],"6":[0,0],"7":[0,0],"8":[0,0],"9":[0,0]}}
}
